#
# There is insufficient memory for the Java Runtime Environment to continue.
# Native memory allocation (malloc) failed to allocate 1068256 bytes for Chunk::new
# Possible reasons:
#   The system is out of physical RAM or swap space
#   The process is running with CompressedOops enabled, and the Java Heap may be blocking the growth of the native heap
# Possible solutions:
#   Reduce memory load on the system
#   Increase physical memory or swap space
#   Check if swap backing store is full
#   Decrease Java heap size (-Xmx/-Xms)
#   Decrease number of Java threads
#   Decrease Java thread stack sizes (-Xss)
#   Set larger code cache with -XX:ReservedCodeCacheSize=
#   JVM is running with Zero Based Compressed Oops mode in which the Java heap is
#     placed in the first 32GB address space. The Java Heap base address is the
#     maximum limit for the native heap growth. Please use -XX:HeapBaseMinAddress
#     to set the Java Heap base and to place the Java Heap above 32GB virtual address.
# This output file may be truncated or incomplete.
#
#  Out of Memory Error (allocation.cpp:389), pid=9960, tid=0x00000000000001f0
#
# JRE version: Java(TM) SE Runtime Environment (8.0_221-b11) (build 1.8.0_221-b11)
# Java VM: Java HotSpot(TM) 64-Bit Server VM (25.221-b11 mixed mode windows-amd64 compressed oops)
# Failed to write core dump. Minidumps are not enabled by default on client versions of Windows
#

---------------  T H R E A D  ---------------

Current thread (0x0000000018ca0800):  JavaThread "C2 CompilerThread1" daemon [_thread_in_native, id=496, stack(0x000000001a430000,0x000000001a530000)]

Stack: [0x000000001a430000,0x000000001a530000]
[error occurred during error reporting (printing stack bounds), id 0xc0000005]

Native frames: (J=compiled Java code, j=interpreted, Vv=VM code, C=native code)


Current CompileTask:
C2:   6999 5251       4       org.springframework.core.BridgeMethodResolver::findBridgedMethod (106 bytes)


---------------  P R O C E S S  ---------------

Java Threads: ( => current thread )
  0x000000001c35a800 JavaThread "HikariPool-1 connection adder" daemon [_thread_blocked, id=10624, stack(0x0000000021830000,0x0000000021930000)]
  0x000000001a7f9000 JavaThread "HikariPool-1 housekeeper" daemon [_thread_blocked, id=6604, stack(0x0000000021530000,0x0000000021630000)]
  0x000000001e323000 JavaThread "container-0" [_thread_blocked, id=7492, stack(0x0000000021030000,0x0000000021130000)]
  0x000000001f141800 JavaThread "Catalina-utility-2" [_thread_blocked, id=10680, stack(0x0000000020b20000,0x0000000020c20000)]
  0x000000001efb3800 JavaThread "Catalina-utility-1" [_thread_blocked, id=7888, stack(0x000000001c570000,0x000000001c670000)]
  0x000000001a668800 JavaThread "Service Thread" daemon [_thread_blocked, id=5804, stack(0x000000001aa30000,0x000000001ab30000)]
  0x0000000018cb7800 JavaThread "C1 CompilerThread2" daemon [_thread_blocked, id=1668, stack(0x000000001a530000,0x000000001a630000)]
=>0x0000000018ca0800 JavaThread "C2 CompilerThread1" daemon [_thread_in_native, id=496, stack(0x000000001a430000,0x000000001a530000)]
  0x0000000018cb2000 JavaThread "C2 CompilerThread0" daemon [_thread_in_native, id=1140, stack(0x000000001a330000,0x000000001a430000)]
  0x0000000018cae800 JavaThread "Attach Listener" daemon [_thread_blocked, id=6056, stack(0x000000001a230000,0x000000001a330000)]
  0x0000000018cac800 JavaThread "Signal Dispatcher" daemon [_thread_blocked, id=7012, stack(0x000000001a130000,0x000000001a230000)]
  0x0000000002e6a000 JavaThread "Finalizer" daemon [_thread_blocked, id=9904, stack(0x0000000019f10000,0x000000001a010000)]
  0x0000000002e67000 JavaThread "Reference Handler" daemon [_thread_blocked, id=10936, stack(0x0000000019e10000,0x0000000019f10000)]
  0x0000000002d76800 JavaThread "main" [_thread_in_native, id=7008, stack(0x0000000002bf0000,0x0000000002cf0000)]

Other Threads:
  0x0000000018c67800 VMThread [stack: 0x0000000019d10000,0x0000000019e10000] [id=11028]
  0x0000000018cfb800 WatcherThread [stack: 0x000000001ab30000,0x000000001ac30000] [id=9776]

VM state:not at safepoint (normal execution)

VM Mutex/Monitor currently owned by a thread: None

heap address: 0x0000000721000000, size: 2544 MB, Compressed Oops mode: Zero based, Oop shift amount: 3
Narrow klass base: 0x0000000000000000, Narrow klass shift: 3
Compressed class space size: 1073741824 Address: 0x00000007c0000000

Heap:
 PSYoungGen      total 272896K, used 27730K [0x000000078b000000, 0x000000079e180000, 0x00000007c0000000)
  eden space 258560K, 10% used [0x000000078b000000,0x000000078cb149c8,0x000000079ac80000)
  from space 14336K, 0% used [0x000000079bb00000,0x000000079bb00000,0x000000079c900000)
  to   space 14848K, 0% used [0x000000079ac80000,0x000000079ac80000,0x000000079bb00000)
 ParOldGen       total 108544K, used 27378K [0x0000000721000000, 0x0000000727a00000, 0x000000078b000000)
  object space 108544K, 25% used [0x0000000721000000,0x0000000722abc960,0x0000000727a00000)
 Metaspace       used 57388K, capacity 60184K, committed 60284K, reserved 1101824K
  class space    used 7813K, capacity 8268K, committed 8316K, reserved 1048576K

Card table byte_map: [0x0000000012230000,0x0000000012730000] byte_map_base: 0x000000000e928000

Marking Bits: (ParMarkBitMap*) 0x0000000065385ce0
 Begin Bits: [0x0000000012e80000, 0x0000000015640000)
 End Bits:   [0x0000000015640000, 0x0000000017e00000)

Polling page: 0x0000000001280000

CodeCache: size=245760Kb used=17662Kb max_used=17803Kb free=228097Kb
 bounds [0x0000000002e70000, 0x0000000003ff0000, 0x0000000011e70000]
 total_blobs=5294 nmethods=4758 adapters=448
 compilation: enabled

Compilation events (10 events):
Event: 6.991 Thread 0x0000000018cb7800 5283       2       com.sun.org.apache.xalan.internal.utils.SecuritySupport::getSystemProperty (15 bytes)
Event: 6.991 Thread 0x0000000018cb7800 nmethod 5283 0x0000000003239190 code [0x0000000003239300, 0x00000000032394e8]
Event: 6.991 Thread 0x0000000018cb7800 5284       2       com.sun.org.apache.xalan.internal.utils.SecuritySupport$4::run (8 bytes)
Event: 6.991 Thread 0x0000000018cb7800 nmethod 5284 0x0000000003ad0410 code [0x0000000003ad05a0, 0x0000000003ad07a8]
Event: 6.991 Thread 0x0000000018cb7800 5285   !   2       com.sun.org.apache.xalan.internal.utils.SecuritySupport::readJAXPProperty (171 bytes)
Event: 6.992 Thread 0x0000000018cb7800 nmethod 5285 0x00000000033714d0 code [0x00000000033717c0, 0x0000000003372748]
Event: 6.993 Thread 0x0000000018cb7800 5286       2       com.fasterxml.jackson.databind.module.SimpleSerializers::_addSerializer (87 bytes)
Event: 6.993 Thread 0x0000000018cb7800 nmethod 5286 0x000000000336a150 code [0x000000000336a300, 0x000000000336a7a8]
Event: 6.994 Thread 0x0000000018cb7800 5287       2       org.springframework.beans.factory.annotation.InitDestroyAnnotationBeanPostProcessor::buildLifecycleMetadata (103 bytes)
Event: 6.994 Thread 0x0000000018cb7800 nmethod 5287 0x0000000003370950 code [0x0000000003370b20, 0x0000000003371128]

GC Heap History (10 events):
Event: 3.327 GC heap before
{Heap before GC invocations=9 (full 1):
 PSYoungGen      total 172032K, used 23344K [0x000000078b000000, 0x000000079c900000, 0x00000007c0000000)
  eden space 160768K, 7% used [0x000000078b000000,0x000000078bbce248,0x0000000794d00000)
  from space 11264K, 99% used [0x0000000794d00000,0x00000007957fe098,0x0000000795800000)
  to   space 14336K, 0% used [0x000000079bb00000,0x000000079bb00000,0x000000079c900000)
 ParOldGen       total 55808K, used 9139K [0x0000000721000000, 0x0000000724680000, 0x000000078b000000)
  object space 55808K, 16% used [0x0000000721000000,0x00000007218ecc98,0x0000000724680000)
 Metaspace       used 34406K, capacity 35952K, committed 36048K, reserved 1081344K
  class space    used 4385K, capacity 4684K, committed 4732K, reserved 1048576K
Event: 3.336 GC heap after
Heap after GC invocations=9 (full 1):
 PSYoungGen      total 272896K, used 11031K [0x000000078b000000, 0x000000079e180000, 0x00000007c0000000)
  eden space 258560K, 0% used [0x000000078b000000,0x000000078b000000,0x000000079ac80000)
  from space 14336K, 76% used [0x000000079bb00000,0x000000079c5c5f98,0x000000079c900000)
  to   space 14848K, 0% used [0x000000079ac80000,0x000000079ac80000,0x000000079bb00000)
 ParOldGen       total 55808K, used 9147K [0x0000000721000000, 0x0000000724680000, 0x000000078b000000)
  object space 55808K, 16% used [0x0000000721000000,0x00000007218eec98,0x0000000724680000)
 Metaspace       used 34406K, capacity 35952K, committed 36048K, reserved 1081344K
  class space    used 4385K, capacity 4684K, committed 4732K, reserved 1048576K
}
Event: 3.336 GC heap before
{Heap before GC invocations=10 (full 2):
 PSYoungGen      total 272896K, used 11031K [0x000000078b000000, 0x000000079e180000, 0x00000007c0000000)
  eden space 258560K, 0% used [0x000000078b000000,0x000000078b000000,0x000000079ac80000)
  from space 14336K, 76% used [0x000000079bb00000,0x000000079c5c5f98,0x000000079c900000)
  to   space 14848K, 0% used [0x000000079ac80000,0x000000079ac80000,0x000000079bb00000)
 ParOldGen       total 55808K, used 9147K [0x0000000721000000, 0x0000000724680000, 0x000000078b000000)
  object space 55808K, 16% used [0x0000000721000000,0x00000007218eec98,0x0000000724680000)
 Metaspace       used 34406K, capacity 35952K, committed 36048K, reserved 1081344K
  class space    used 4385K, capacity 4684K, committed 4732K, reserved 1048576K
Event: 3.382 GC heap after
Heap after GC invocations=10 (full 2):
 PSYoungGen      total 272896K, used 0K [0x000000078b000000, 0x000000079e180000, 0x00000007c0000000)
  eden space 258560K, 0% used [0x000000078b000000,0x000000078b000000,0x000000079ac80000)
  from space 14336K, 0% used [0x000000079bb00000,0x000000079bb00000,0x000000079c900000)
  to   space 14848K, 0% used [0x000000079ac80000,0x000000079ac80000,0x000000079bb00000)
 ParOldGen       total 79360K, used 15790K [0x0000000721000000, 0x0000000725d80000, 0x000000078b000000)
  object space 79360K, 19% used [0x0000000721000000,0x0000000721f6b858,0x0000000725d80000)
 Metaspace       used 34406K, capacity 35952K, committed 36048K, reserved 1081344K
  class space    used 4385K, capacity 4684K, committed 4732K, reserved 1048576K
}
Event: 6.327 GC heap before
{Heap before GC invocations=11 (full 2):
 PSYoungGen      total 272896K, used 258560K [0x000000078b000000, 0x000000079e180000, 0x00000007c0000000)
  eden space 258560K, 100% used [0x000000078b000000,0x000000079ac80000,0x000000079ac80000)
  from space 14336K, 0% used [0x000000079bb00000,0x000000079bb00000,0x000000079c900000)
  to   space 14848K, 0% used [0x000000079ac80000,0x000000079ac80000,0x000000079bb00000)
 ParOldGen       total 79360K, used 15790K [0x0000000721000000, 0x0000000725d80000, 0x000000078b000000)
  object space 79360K, 19% used [0x0000000721000000,0x0000000721f6b858,0x0000000725d80000)
 Metaspace       used 56295K, capacity 58902K, committed 59132K, reserved 1099776K
  class space    used 7645K, capacity 8093K, committed 8188K, reserved 1048576K
Event: 6.357 GC heap after
Heap after GC invocations=11 (full 2):
 PSYoungGen      total 273408K, used 14835K [0x000000078b000000, 0x000000079e180000, 0x00000007c0000000)
  eden space 258560K, 0% used [0x000000078b000000,0x000000078b000000,0x000000079ac80000)
  from space 14848K, 99% used [0x000000079ac80000,0x000000079bafce80,0x000000079bb00000)
  to   space 14336K, 0% used [0x000000079bb00000,0x000000079bb00000,0x000000079c900000)
 ParOldGen       total 79360K, used 28813K [0x0000000721000000, 0x0000000725d80000, 0x000000078b000000)
  object space 79360K, 36% used [0x0000000721000000,0x0000000722c236a0,0x0000000725d80000)
 Metaspace       used 56295K, capacity 58902K, committed 59132K, reserved 1099776K
  class space    used 7645K, capacity 8093K, committed 8188K, reserved 1048576K
}
Event: 6.633 GC heap before
{Heap before GC invocations=12 (full 2):
 PSYoungGen      total 273408K, used 47155K [0x000000078b000000, 0x000000079e180000, 0x00000007c0000000)
  eden space 258560K, 12% used [0x000000078b000000,0x000000078cf8ff90,0x000000079ac80000)
  from space 14848K, 99% used [0x000000079ac80000,0x000000079bafce80,0x000000079bb00000)
  to   space 14336K, 0% used [0x000000079bb00000,0x000000079bb00000,0x000000079c900000)
 ParOldGen       total 79360K, used 28813K [0x0000000721000000, 0x0000000725d80000, 0x000000078b000000)
  object space 79360K, 36% used [0x0000000721000000,0x0000000722c236a0,0x0000000725d80000)
 Metaspace       used 57191K, capacity 59884K, committed 60028K, reserved 1101824K
  class space    used 7760K, capacity 8234K, committed 8316K, reserved 1048576K
Event: 6.646 GC heap after
Heap after GC invocations=12 (full 2):
 PSYoungGen      total 272896K, used 13109K [0x000000078b000000, 0x000000079e180000, 0x00000007c0000000)
  eden space 258560K, 0% used [0x000000078b000000,0x000000078b000000,0x000000079ac80000)
  from space 14336K, 91% used [0x000000079bb00000,0x000000079c7cd798,0x000000079c900000)
  to   space 14848K, 0% used [0x000000079ac80000,0x000000079ac80000,0x000000079bb00000)
 ParOldGen       total 79360K, used 28821K [0x0000000721000000, 0x0000000725d80000, 0x000000078b000000)
  object space 79360K, 36% used [0x0000000721000000,0x0000000722c256a0,0x0000000725d80000)
 Metaspace       used 57191K, capacity 59884K, committed 60028K, reserved 1101824K
  class space    used 7760K, capacity 8234K, committed 8316K, reserved 1048576K
}
Event: 6.646 GC heap before
{Heap before GC invocations=13 (full 3):
 PSYoungGen      total 272896K, used 13109K [0x000000078b000000, 0x000000079e180000, 0x00000007c0000000)
  eden space 258560K, 0% used [0x000000078b000000,0x000000078b000000,0x000000079ac80000)
  from space 14336K, 91% used [0x000000079bb00000,0x000000079c7cd798,0x000000079c900000)
  to   space 14848K, 0% used [0x000000079ac80000,0x000000079ac80000,0x000000079bb00000)
 ParOldGen       total 79360K, used 28821K [0x0000000721000000, 0x0000000725d80000, 0x000000078b000000)
  object space 79360K, 36% used [0x0000000721000000,0x0000000722c256a0,0x0000000725d80000)
 Metaspace       used 57191K, capacity 59884K, committed 60028K, reserved 1101824K
  class space    used 7760K, capacity 8234K, committed 8316K, reserved 1048576K
Event: 6.793 GC heap after
Heap after GC invocations=13 (full 3):
 PSYoungGen      total 272896K, used 0K [0x000000078b000000, 0x000000079e180000, 0x00000007c0000000)
  eden space 258560K, 0% used [0x000000078b000000,0x000000078b000000,0x000000079ac80000)
  from space 14336K, 0% used [0x000000079bb00000,0x000000079bb00000,0x000000079c900000)
  to   space 14848K, 0% used [0x000000079ac80000,0x000000079ac80000,0x000000079bb00000)
 ParOldGen       total 108544K, used 27378K [0x0000000721000000, 0x0000000727a00000, 0x000000078b000000)
  object space 108544K, 25% used [0x0000000721000000,0x0000000722abc960,0x0000000727a00000)
 Metaspace       used 57191K, capacity 59884K, committed 60028K, reserved 1101824K
  class space    used 7760K, capacity 8234K, committed 8316K, reserved 1048576K
}

Deoptimization events (10 events):
Event: 6.199 Thread 0x0000000002d76800 Uncommon trap: reason=unstable_if action=reinterpret pc=0x0000000003271f3c method=java.util.concurrent.ConcurrentHashMap.transfer([Ljava/util/concurrent/ConcurrentHashMap$Node;[Ljava/util/concurrent/ConcurrentHashMap$Node;)V @ 356
Event: 6.418 Thread 0x0000000002d76800 Uncommon trap: reason=class_check action=maybe_recompile pc=0x0000000003f25d2c method=org.springframework.util.ReflectionUtils.doWithMethods(Ljava/lang/Class;Lorg/springframework/util/ReflectionUtils$MethodCallback;Lorg/springframework/util/ReflectionUtil
Event: 6.419 Thread 0x0000000002d76800 Uncommon trap: reason=class_check action=maybe_recompile pc=0x0000000003f25d2c method=org.springframework.util.ReflectionUtils.doWithMethods(Ljava/lang/Class;Lorg/springframework/util/ReflectionUtils$MethodCallback;Lorg/springframework/util/ReflectionUtil
Event: 6.419 Thread 0x0000000002d76800 Uncommon trap: reason=class_check action=maybe_recompile pc=0x0000000003f25d2c method=org.springframework.util.ReflectionUtils.doWithMethods(Ljava/lang/Class;Lorg/springframework/util/ReflectionUtils$MethodCallback;Lorg/springframework/util/ReflectionUtil
Event: 6.419 Thread 0x0000000002d76800 Uncommon trap: reason=class_check action=maybe_recompile pc=0x0000000003f25d2c method=org.springframework.util.ReflectionUtils.doWithMethods(Ljava/lang/Class;Lorg/springframework/util/ReflectionUtils$MethodCallback;Lorg/springframework/util/ReflectionUtil
Event: 6.504 Thread 0x0000000002d76800 Uncommon trap: reason=class_check action=maybe_recompile pc=0x0000000003eece10 method=org.springframework.core.annotation.AnnotatedElementUtils.searchWithFindSemantics(Ljava/lang/reflect/AnnotatedElement;Ljava/util/Set;Ljava/lang/String;Ljava/lang/Class;L
Event: 6.504 Thread 0x0000000002d76800 Uncommon trap: reason=unstable_if action=reinterpret pc=0x0000000003eed9ac method=org.springframework.core.annotation.AnnotatedElementUtils.searchWithFindSemantics(Ljava/lang/reflect/AnnotatedElement;Ljava/util/Set;Ljava/lang/String;Ljava/lang/Class;Lorg/
Event: 6.527 Thread 0x0000000002d76800 Uncommon trap: reason=unstable_if action=reinterpret pc=0x0000000003625294 method=java.io.WinNTFileSystem.isLetter(C)Z @ 3
Event: 6.554 Thread 0x0000000002d76800 Uncommon trap: reason=unstable_if action=reinterpret pc=0x0000000003dfb938 method=org.springframework.beans.factory.support.AbstractBeanFactory.isTypeMatch(Ljava/lang/String;Lorg/springframework/core/ResolvableType;)Z @ 26
Event: 6.964 Thread 0x0000000002d76800 Uncommon trap: reason=null_check action=make_not_entrant pc=0x000000000397f730 method=org.springframework.util.ClassUtils.isAssignable(Ljava/lang/Class;Ljava/lang/Class;)Z @ 14

Classes redefined (0 events):
No events

Internal exceptions (10 events):
Event: 6.989 Thread 0x0000000002d76800 Exception <a 'java/lang/ClassNotFoundException': org/springframework/beans/factory/BeanFactoryAwareCustomizer> (0x000000078c8f2328) thrown at [C:\re\workspace\8-2-build-windows-amd64-cygwin\jdk8u221\13320\hotspot\src\share\vm\classfile\systemDictionary.cp
Event: 6.989 Thread 0x0000000002d76800 Exception <a 'java/lang/ClassNotFoundException': org/springframework/beans/factory/AwareCustomizer> (0x000000078c9049f8) thrown at [C:\re\workspace\8-2-build-windows-amd64-cygwin\jdk8u221\13320\hotspot\src\share\vm\classfile\systemDictionary.cpp, line 210
Event: 6.995 Thread 0x0000000002d76800 Exception <a 'java/lang/ClassNotFoundException': java/lang/ObjectCustomizer> (0x000000078c94fa18) thrown at [C:\re\workspace\8-2-build-windows-amd64-cygwin\jdk8u221\13320\hotspot\src\share\vm\classfile\systemDictionary.cpp, line 210]
Event: 6.995 Thread 0x0000000002d76800 Exception <a 'java/lang/ClassNotFoundException': org/springframework/context/support/ApplicationObjectSupportCustomizer> (0x000000078c968db8) thrown at [C:\re\workspace\8-2-build-windows-amd64-cygwin\jdk8u221\13320\hotspot\src\share\vm\classfile\systemDic
Event: 6.995 Thread 0x0000000002d76800 Exception <a 'java/lang/ClassNotFoundException': org/springframework/web/context/support/WebApplicationObjectSupportCustomizer> (0x000000078c984978) thrown at [C:\re\workspace\8-2-build-windows-amd64-cygwin\jdk8u221\13320\hotspot\src\share\vm\classfile\sy
Event: 6.996 Thread 0x0000000002d76800 Exception <a 'java/lang/ClassNotFoundException': org/springframework/web/servlet/support/WebContentGeneratorCustomizer> (0x000000078c99c420) thrown at [C:\re\workspace\8-2-build-windows-amd64-cygwin\jdk8u221\13320\hotspot\src\share\vm\classfile\systemDict
Event: 6.996 Thread 0x0000000002d76800 Exception <a 'java/lang/ClassNotFoundException': org/springframework/web/servlet/mvc/method/AbstractHandlerMethodAdapterCustomizer> (0x000000078c9d0160) thrown at [C:\re\workspace\8-2-build-windows-amd64-cygwin\jdk8u221\13320\hotspot\src\share\vm\classfil
Event: 6.996 Thread 0x0000000002d76800 Exception <a 'java/lang/ClassNotFoundException': org/springframework/web/servlet/mvc/method/annotation/RequestMappingHandlerAdapterCustomizer> (0x000000078c9f2db0) thrown at [C:\re\workspace\8-2-build-windows-amd64-cygwin\jdk8u221\13320\hotspot\src\share\
Event: 6.997 Thread 0x0000000002d76800 Exception <a 'java/lang/ClassNotFoundException': org/springframework/hateoas/mvc/ResourceProcessorInvokingHandlerAdapterCustomizer> (0x000000078ca5e6d0) thrown at [C:\re\workspace\8-2-build-windows-amd64-cygwin\jdk8u221\13320\hotspot\src\share\vm\classfil
Event: 6.998 Thread 0x0000000002d76800 Exception <a 'java/lang/ClassNotFoundException': org/springframework/data/rest/webmvc/RepositoryRestHandlerAdapterCustomizer> (0x000000078ca8fb58) thrown at [C:\re\workspace\8-2-build-windows-amd64-cygwin\jdk8u221\13320\hotspot\src\share\vm\classfile\syst

Events (10 events):
Event: 6.997 loading class org/springframework/hateoas/mvc/ResourceProcessorInvokingHandlerAdapterCustomizer
Event: 6.997 loading class org/springframework/hateoas/mvc/ResourceProcessorInvokingHandlerAdapterCustomizer done
Event: 6.997 loading class org/springframework/data/rest/webmvc/RepositoryRestHandlerAdapterCustomizer
Event: 6.997 loading class org/springframework/data/rest/webmvc/RepositoryRestHandlerAdapterCustomizer done
Event: 6.998 loading class org/springframework/data/rest/webmvc/RepositoryRestHandlerAdapterCustomizer
Event: 6.998 loading class org/springframework/data/rest/webmvc/RepositoryRestHandlerAdapterCustomizer done
Event: 6.998 loading class org/springframework/data/rest/webmvc/RepositoryRestHandlerAdapterCustomizer
Event: 6.998 loading class org/springframework/data/rest/webmvc/RepositoryRestHandlerAdapterCustomizer done
Event: 6.998 loading class org/springframework/beans/factory/BeanFactoryAwareCustomizer
Event: 6.998 loading class org/springframework/beans/factory/BeanFactoryAwareCustomizer done


Dynamic libraries:
0x00007ff609a30000 - 0x00007ff609a67000 	C:\Program Files\Java\jdk1.8.0_221\bin\java.exe
0x00007ff8e3a40000 - 0x00007ff8e3c30000 	C:\WINDOWS\SYSTEM32\ntdll.dll
0x00007ff8e36b0000 - 0x00007ff8e3762000 	C:\WINDOWS\System32\KERNEL32.DLL
0x00007ff8e09d0000 - 0x00007ff8e0c73000 	C:\WINDOWS\System32\KERNELBASE.dll
0x00007ff8e2820000 - 0x00007ff8e28c3000 	C:\WINDOWS\System32\ADVAPI32.dll
0x00007ff8e1af0000 - 0x00007ff8e1b8e000 	C:\WINDOWS\System32\msvcrt.dll
0x00007ff8e2e60000 - 0x00007ff8e2ef7000 	C:\WINDOWS\System32\sechost.dll
0x00007ff8e2700000 - 0x00007ff8e2820000 	C:\WINDOWS\System32\RPCRT4.dll
0x00007ff8e2560000 - 0x00007ff8e26f4000 	C:\WINDOWS\System32\USER32.dll
0x00007ff8e0d40000 - 0x00007ff8e0d61000 	C:\WINDOWS\System32\win32u.dll
0x00007ff8e3770000 - 0x00007ff8e3796000 	C:\WINDOWS\System32\GDI32.dll
0x00007ff8e1950000 - 0x00007ff8e1ae4000 	C:\WINDOWS\System32\gdi32full.dll
0x00007ff8e0c80000 - 0x00007ff8e0d1e000 	C:\WINDOWS\System32\msvcp_win.dll
0x00007ff8e1600000 - 0x00007ff8e16fa000 	C:\WINDOWS\System32\ucrtbase.dll
0x00007ff8d3be0000 - 0x00007ff8d3e65000 	C:\WINDOWS\WinSxS\amd64_microsoft.windows.common-controls_6595b64144ccf1df_6.0.18362.418_none_e6c6b287130d565d\COMCTL32.dll
0x00007ff8e2120000 - 0x00007ff8e2456000 	C:\WINDOWS\System32\combase.dll
0x00007ff8e1700000 - 0x00007ff8e1780000 	C:\WINDOWS\System32\bcryptPrimitives.dll
0x00007ff8e39d0000 - 0x00007ff8e39fe000 	C:\WINDOWS\System32\IMM32.DLL
0x0000000065410000 - 0x00000000654e2000 	C:\Program Files\Java\jdk1.8.0_221\jre\bin\msvcr100.dll
0x0000000064b60000 - 0x0000000065405000 	C:\Program Files\Java\jdk1.8.0_221\jre\bin\server\jvm.dll
0x00007ff8e20b0000 - 0x00007ff8e20b8000 	C:\WINDOWS\System32\PSAPI.DLL
0x00007ff8dd430000 - 0x00007ff8dd439000 	C:\WINDOWS\SYSTEM32\WSOCK32.dll
0x00007ff8de430000 - 0x00007ff8de454000 	C:\WINDOWS\SYSTEM32\WINMM.dll
0x00007ff8e2460000 - 0x00007ff8e24cf000 	C:\WINDOWS\System32\WS2_32.dll
0x00007ff8da7f0000 - 0x00007ff8da7fa000 	C:\WINDOWS\SYSTEM32\VERSION.dll
0x00007ff8de400000 - 0x00007ff8de42d000 	C:\WINDOWS\SYSTEM32\WINMMBASE.dll
0x00007ff8e1780000 - 0x00007ff8e17ca000 	C:\WINDOWS\System32\cfgmgr32.dll
0x00007ff8d0790000 - 0x00007ff8d079f000 	C:\Program Files\Java\jdk1.8.0_221\jre\bin\verify.dll
0x00007ff8be160000 - 0x00007ff8be189000 	C:\Program Files\Java\jdk1.8.0_221\jre\bin\java.dll
0x00007ff8c74f0000 - 0x00007ff8c7506000 	C:\Program Files\Java\jdk1.8.0_221\jre\bin\zip.dll
0x00007ff8e2f60000 - 0x00007ff8e3645000 	C:\WINDOWS\System32\SHELL32.dll
0x00007ff8e2a70000 - 0x00007ff8e2b19000 	C:\WINDOWS\System32\shcore.dll
0x00007ff8e0d70000 - 0x00007ff8e14ef000 	C:\WINDOWS\System32\windows.storage.dll
0x00007ff8e0990000 - 0x00007ff8e09af000 	C:\WINDOWS\System32\profapi.dll
0x00007ff8e0940000 - 0x00007ff8e098a000 	C:\WINDOWS\System32\powrprof.dll
0x00007ff8e0910000 - 0x00007ff8e0920000 	C:\WINDOWS\System32\UMPDC.dll
0x00007ff8e20c0000 - 0x00007ff8e2112000 	C:\WINDOWS\System32\shlwapi.dll
0x00007ff8e09b0000 - 0x00007ff8e09c1000 	C:\WINDOWS\System32\kernel.appcore.dll
0x00007ff8e0d20000 - 0x00007ff8e0d37000 	C:\WINDOWS\System32\cryptsp.dll
0x00007ff8ccb00000 - 0x00007ff8ccb0d000 	C:\Program Files\Java\jdk1.8.0_221\jre\bin\management.dll
0x00007ff8bcf80000 - 0x00007ff8bcf9a000 	C:\Program Files\Java\jdk1.8.0_221\jre\bin\net.dll
0x00007ff8d3560000 - 0x00007ff8d3736000 	C:\WINDOWS\SYSTEM32\urlmon.dll
0x00007ff8d3860000 - 0x00007ff8d3b06000 	C:\WINDOWS\SYSTEM32\iertutil.dll
0x00007ff8e0350000 - 0x00007ff8e035c000 	C:\WINDOWS\SYSTEM32\CRYPTBASE.DLL
0x00007ff8e0180000 - 0x00007ff8e01e7000 	C:\WINDOWS\system32\mswsock.dll
0x00007ff8d4910000 - 0x00007ff8d4926000 	C:\WINDOWS\system32\napinsp.dll
0x00007ff8d3b30000 - 0x00007ff8d3b4a000 	C:\WINDOWS\system32\pnrpnsp.dll
0x00007ff8c7fd0000 - 0x00007ff8c7fe5000 	C:\WINDOWS\system32\wshbth.dll
0x00007ff8dd040000 - 0x00007ff8dd05c000 	C:\WINDOWS\system32\NLAapi.dll
0x00007ff8dfe90000 - 0x00007ff8dfeca000 	C:\WINDOWS\SYSTEM32\IPHLPAPI.DLL
0x00007ff8dfed0000 - 0x00007ff8dff9a000 	C:\WINDOWS\SYSTEM32\DNSAPI.dll
0x00007ff8e2cf0000 - 0x00007ff8e2cf8000 	C:\WINDOWS\System32\NSI.dll
0x00007ff8d3530000 - 0x00007ff8d353e000 	C:\WINDOWS\System32\winrnr.dll
0x00007ff8d61c0000 - 0x00007ff8d61ca000 	C:\Windows\System32\rasadhlp.dll
0x00007ff8d7850000 - 0x00007ff8d78c7000 	C:\WINDOWS\System32\fwpuclnt.dll
0x00007ff8e17d0000 - 0x00007ff8e17f6000 	C:\WINDOWS\System32\bcrypt.dll
0x00007ff8bc940000 - 0x00007ff8bc952000 	C:\Program Files\Java\jdk1.8.0_221\jre\bin\nio.dll
0x00007ff8dfcf0000 - 0x00007ff8dfd23000 	C:\WINDOWS\system32\rsaenh.dll
0x00007ff8e0830000 - 0x00007ff8e0855000 	C:\WINDOWS\SYSTEM32\USERENV.dll
0x00007ff8d7a60000 - 0x00007ff8d7a76000 	C:\WINDOWS\SYSTEM32\dhcpcsvc6.DLL
0x00007ff8d7a40000 - 0x00007ff8d7a5c000 	C:\WINDOWS\SYSTEM32\dhcpcsvc.DLL

VM Arguments:
jvm_args: -Dfile.encoding=windows-1252 -Duser.country=AR -Duser.language=es -Duser.variant 
java_command: com.codeoftheweb.salvo.SalvoApplication
java_class_path (initial): E:\salvoGamesJava\src\main\resources;E:\salvoGamesJava\build\classes\java\main;C:\Users\Marco\.gradle\caches\modules-2\files-2.1\org.springframework.boot\spring-boot-starter-data-jpa\2.1.8.RELEASE\69a67eefdc71a6dbddc752fca94b39a49e06c435\spring-boot-starter-data-jpa-2.1.8.RELEASE.jar;C:\Users\Marco\.gradle\caches\modules-2\files-2.1\org.springframework.boot\spring-boot-starter-data-rest\2.1.8.RELEASE\bcc5bd8e8c317710cc24d399715a4d84357c63e2\spring-boot-starter-data-rest-2.1.8.RELEASE.jar;C:\Users\Marco\.gradle\caches\modules-2\files-2.1\org.springframework.boot\spring-boot-starter-web\2.1.8.RELEASE\36c0b75eaf07a68ac6e8a75c97a2bffa766ac147\spring-boot-starter-web-2.1.8.RELEASE.jar;C:\Users\Marco\.gradle\caches\modules-2\files-2.1\com.h2database\h2\1.4.199\7bf08152984ed8859740ae3f97fae6c72771ae45\h2-1.4.199.jar;C:\Users\Marco\.gradle\caches\modules-2\files-2.1\org.springframework.boot\spring-boot-starter-aop\2.1.8.RELEASE\4978a5e339411af2934bdbb44640687748f4588b\spring-boot-starter-aop-2.1.8.RELEASE.jar;C:\Users\Marco\.gradle\caches\modules-2\files-2.1\org.springframework.boot\spring-boot-starter-jdbc\2.1.8.RELEASE\c728aa5023666554b74b57ee5edf0e47ba0af82b\spring-boot-starter-jdbc-2.1.8.RELEASE.jar;C:\Users\Marco\.gradle\caches\modules-2\files-2.1\javax.transaction\javax.transaction-api\1.3\e006adf5cf3cca2181d16bd640ecb80148ec0fce\javax.transaction-api-1.3.jar;C:\Users\Marco\.gradle\caches\modules-2\files-2.1\javax.xml.bind\jaxb-api\2.3.1\8531ad5ac454cc2deb9d4d32c40c4d7451939b5d\jaxb-api-2.3.1.jar;C:\Users\Marco\.gradle\caches\modules-2\files-2.1\org.hibernate\hibernate-core\5.3.11.Final\8ca0850acb59ffda12729cb6d9a0c6bb3ba61b68\hibernate-core-5.3.11.Final.jar;C:\Users\Marco\.gradle\caches\modules-2\files-2.1\org.springframework.data\spring-data-jpa\2.1.10.RELEASE\12639406aa28c3a5195a1a4c9077fe562f54bc31\spring-data-jpa-2.1.10.RELEASE.jar;C:\Users\Marco\.gradle\caches\modules-2\files-2.1\org.springframework\spring-aspects\5.1.9.RELEASE\a8aec
Launcher Type: SUN_STANDARD

Environment Variables:
JAVA_HOME=C:\Program Files\Java\jdk1.8.0_221
CLASSPATH=C:\Program Files\gradle-5.6.2\bin\..\lib\gradle-launcher-5.6.2.jar
PATH=C:\Program Files (x86)\Common Files\Oracle\Java\javapath;C:\WINDOWS\system32;C:\WINDOWS;C:\WINDOWS\System32\Wbem;C:\WINDOWS\System32\WindowsPowerShell\v1.0\;C:\WINDOWS\System32\OpenSSH\;C:\Program Files (x86)\Brackets\command;C:\Program Files\nodejs\;C:\Users\Marco\AppData\Roaming\npm;C:\Program Files\Java\jdk1.8.0_221\bin;C:\Program Files\gradle-5.6.2\bin;C:\Users\Marco\AppData\Local\Microsoft\WindowsApps;C:\Users\Marco\AppData\Roaming\npm;C:\Users\Marco\AppData\Local\atom\bin
USERNAME=Marco
OS=Windows_NT
PROCESSOR_IDENTIFIER=AMD64 Family 23 Model 24 Stepping 1, AuthenticAMD



---------------  S Y S T E M  ---------------

OS: Windows 10.0 , 64 bit Build 18362 (10.0.18362.329)

CPU:total 4 (initial active 4) (4 cores per cpu, 1 threads per core) family 23 model 24 stepping 1, cmov, cx8, fxsr, mmx, sse, sse2, sse3, ssse3, sse4.1, sse4.2, popcnt, avx, avx2, aes, clmul, mmxext, 3dnowpref, lzcnt, sse4a, tsc, tscinvbit, tscinv, bmi1

Memory: 4k page, physical 10412880k(2563964k free), swap 10412880k(10812k free)

vm_info: Java HotSpot(TM) 64-Bit Server VM (25.221-b11) for windows-amd64 JRE (1.8.0_221-b11), built on Jul  4 2019 04:39:29 by "java_re" with MS VC++ 10.0 (VS2010)

time: Mon Oct 14 21:54:57 2019
timezone: Hora estándar de Argentina
elapsed time: 7 seconds (0d 0h 0m 7s)

